<?xml version="1.0" encoding="UTF-8"?>
<testng-results skipped="0" failed="0" ignored="0" total="1" passed="1">
  <reporter-output>
  </reporter-output>
  <suite name="Suite" duration-ms="22331" started-at="2020-05-10T05:36:08Z" finished-at="2020-05-10T05:36:30Z">
    <groups>
      <group name="cucumber">
        <method signature="AbstractTestNGCucumberTests.feature(cucumber.api.testng.CucumberFeatureWrapper)[pri:0, instance:com.usa.myrunner.YLRunner@3bbc39f8]" name="feature" class="cucumber.api.testng.AbstractTestNGCucumberTests"/>
      </group> <!-- cucumber -->
    </groups>
    <test name="Test" duration-ms="22331" started-at="2020-05-10T05:36:08Z" finished-at="2020-05-10T05:36:30Z">
      <class name="com.usa.myrunner.YLRunner">
        <test-method status="PASS" signature="setUpClass()[pri:0, instance:com.usa.myrunner.YLRunner@3bbc39f8]" name="setUpClass" is-config="true" duration-ms="263" started-at="2020-05-10T05:36:08Z" finished-at="2020-05-10T05:36:08Z">
          <reporter-output>
          </reporter-output>
        </test-method> <!-- setUpClass -->
        <test-method status="PASS" signature="feature(cucumber.api.testng.CucumberFeatureWrapper)[pri:0, instance:com.usa.myrunner.YLRunner@3bbc39f8]" name="feature" duration-ms="21555" started-at="2020-05-10T05:36:08Z" description="Runs Cucumber Feature" data-provider="features" finished-at="2020-05-10T05:36:30Z">
          <params>
            <param index="0">
              <value>
                <![CDATA[Users can buy product & verify the price from the online https://www.automationpractice.com]]>
              </value>
            </param>
          </params>
          <reporter-output>
          </reporter-output>
        </test-method> <!-- feature -->
        <test-method status="PASS" signature="tearDownClass()[pri:0, instance:com.usa.myrunner.YLRunner@3bbc39f8]" name="tearDownClass" is-config="true" duration-ms="34" started-at="2020-05-10T05:36:30Z" finished-at="2020-05-10T05:36:30Z">
          <reporter-output>
          </reporter-output>
        </test-method> <!-- tearDownClass -->
      </class> <!-- com.usa.myrunner.YLRunner -->
    </test> <!-- Test -->
  </suite> <!-- Suite -->
</testng-results>
